c:\users\jmlove\documents\visual studio 2010\projects\cultures\cultures\debug\functions.obj
c:\users\jmlove\documents\visual studio 2010\projects\cultures\cultures\debug\main.obj
c:\users\jmlove\documents\visual studio 2010\projects\cultures\cultures\debug\vc100.pdb
c:\users\jmlove\documents\visual studio 2010\projects\cultures\cultures\debug\othersupplies.obj
c:\users\jmlove\documents\visual studio 2010\projects\cultures\debug\cultures.exe
c:\users\jmlove\documents\visual studio 2010\projects\cultures\cultures\debug\cultures.exe.intermediate.manifest
c:\users\jmlove\documents\visual studio 2010\projects\cultures\debug\cultures.pdb
c:\users\jmlove\documents\visual studio 2010\projects\cultures\cultures\debug\vc140.pdb
c:\users\jmlove\documents\visual studio 2010\projects\cultures\cultures\debug\vc140.idb
c:\users\jmlove\documents\visual studio 2010\projects\cultures\cultures\debug\cultures.vcxprojresolveassemblyreference.cache
c:\users\jmlove\documents\visual studio 2010\projects\cultures\cultures\debug\cl.command.1.tlog
c:\users\jmlove\documents\visual studio 2010\projects\cultures\cultures\debug\cl.read.1.tlog
c:\users\jmlove\documents\visual studio 2010\projects\cultures\cultures\debug\cl.write.1.tlog
c:\users\jmlove\documents\visual studio 2010\projects\cultures\cultures\debug\cultures.write.1.tlog
c:\users\jmlove\documents\visual studio 2010\projects\cultures\cultures\debug\link.command.1.tlog
c:\users\jmlove\documents\visual studio 2010\projects\cultures\cultures\debug\link.read.1.tlog
c:\users\jmlove\documents\visual studio 2010\projects\cultures\cultures\debug\link.write.1.tlog
c:\users\jmlove\documents\visual studio 2010\projects\cultures\cultures\debug\mt.command.1.tlog
c:\users\jmlove\documents\visual studio 2010\projects\cultures\cultures\debug\mt.read.1.tlog
c:\users\jmlove\documents\visual studio 2010\projects\cultures\cultures\debug\mt.write.1.tlog
c:\users\jmlove\documents\visual studio 2010\projects\cultures\cultures\debug\vc100.idb
c:\users\jmlove\documents\visual studio 2010\projects\cultures\cultures\debug\cultures.tlog\cl.command.1.tlog
c:\users\jmlove\documents\visual studio 2010\projects\cultures\cultures\debug\cultures.tlog\cl.read.1.tlog
c:\users\jmlove\documents\visual studio 2010\projects\cultures\cultures\debug\cultures.tlog\cl.write.1.tlog
c:\users\jmlove\documents\visual studio 2010\projects\cultures\cultures\debug\cultures.tlog\link-cvtres.read.1.tlog
c:\users\jmlove\documents\visual studio 2010\projects\cultures\cultures\debug\cultures.tlog\link-cvtres.write.1.tlog
c:\users\jmlove\documents\visual studio 2010\projects\cultures\cultures\debug\cultures.tlog\link-rc.read.1.tlog
c:\users\jmlove\documents\visual studio 2010\projects\cultures\cultures\debug\cultures.tlog\link-rc.write.1.tlog
c:\users\jmlove\documents\visual studio 2010\projects\cultures\cultures\debug\cultures.tlog\link.command.1.tlog
c:\users\jmlove\documents\visual studio 2010\projects\cultures\cultures\debug\cultures.tlog\link.read.1.tlog
c:\users\jmlove\documents\visual studio 2010\projects\cultures\cultures\debug\cultures.tlog\link.write.1.tlog
